\BOOKMARK [0][-]{chapter.1}{Abstract}{}% 1
\BOOKMARK [0][-]{chapter.2}{Introduction}{}% 2
\BOOKMARK [0][-]{chapter.3}{Research}{}% 3
\BOOKMARK [1][-]{section.3.1}{Rendering techniques}{chapter.3}% 4
\BOOKMARK [2][-]{subsection.3.1.1}{Raytracing}{section.3.1}% 5
\BOOKMARK [2][-]{subsection.3.1.2}{Rasterization}{section.3.1}% 6
\BOOKMARK [1][-]{section.3.2}{Hybrid rendering approach}{chapter.3}% 7
\BOOKMARK [2][-]{subsection.3.2.1}{Raytracing in rasterization}{section.3.2}% 8
\BOOKMARK [2][-]{subsection.3.2.2}{Raytraced shadows}{section.3.2}% 9
\BOOKMARK [2][-]{subsection.3.2.3}{Optimizations}{section.3.2}% 10
\BOOKMARK [0][-]{chapter.4}{Case study}{}% 11
\BOOKMARK [1][-]{section.4.1}{Implementation rasterization}{chapter.4}% 12
\BOOKMARK [2][-]{subsection.4.1.1}{Window creation}{section.4.1}% 13
\BOOKMARK [2][-]{subsection.4.1.2}{Rendering specification}{section.4.1}% 14
\BOOKMARK [2][-]{subsection.4.1.3}{Shader loading}{section.4.1}% 15
\BOOKMARK [2][-]{subsection.4.1.4}{Coordinate systems}{section.4.1}% 16
\BOOKMARK [2][-]{subsection.4.1.5}{Model loading}{section.4.1}% 17
\BOOKMARK [2][-]{subsection.4.1.6}{Texture loading}{section.4.1}% 18
\BOOKMARK [2][-]{subsection.4.1.7}{Deferred shading}{section.4.1}% 19
\BOOKMARK [1][-]{section.4.2}{Implementation ray-tracing}{chapter.4}% 20
\BOOKMARK [2][-]{subsection.4.2.1}{Radeon rays implementation}{section.4.2}% 21
\BOOKMARK [2][-]{subsection.4.2.2}{Shadow implementation}{section.4.2}% 22
\BOOKMARK [2][-]{subsection.4.2.3}{Optimizations}{section.4.2}% 23
\BOOKMARK [0][-]{chapter.5}{Conlusion}{}% 24
